<testsuite failures="1" name="src/test/java/FeatureFiles/karatePOST.feature" skipped="0" tests="1" time="2.564194">
  <testcase classname="src.test.java.FeatureFiles.karatePOST" name="Verify that a new employee is successfully getting created" time="2.564194">
    <failure message="karatePOST.feature:23 - status code was: 403, expected: 200, response time: 2018, url: http://dummy.restapiexample.com/api/v1/create, response: &lt;!DOCTYPE HTML PUBLIC &quot;-//IETF//DTD HTML 2.0//EN&quot;&gt;&#10;&lt;html&gt;&lt;head&gt;&lt;script data-ezscrex='false' data-cfasync='false' data-pagespeed-no-defer&gt;var __ez=__ez||{};__ez.stms=Date.now();__ez.evt={};__ez.script={};__ez.ck=__ez.ck||{};__ez.template={};__ez.template.isOrig=false;__ez.queue=(function(){var count=0,incr=0,items=[],timeDelayFired=false,hpItems=[],lpItems=[],allowLoad=true;var obj={func:function(name,funcName,parameters,isBlock,blockedBy,deleteWhenComplete,proceedIfError){var self=this;this.name=name;this.funcName=funcName;this.parameters=parameters===null?null:(parameters instanceof Array)?parameters:[parameters];this.isBlock=isBlock;this.blockedBy=blockedBy;this.deleteWhenComplete=deleteWhenComplete;this.isError=false;this.isComplete=false;this.isInitialized=false;this.proceedIfError=proceedIfError;this.isTimeDelay=false;this.process=function(){log(&quot;... func = &quot;+name);self.isInitialized=true;self.isComplete=true;log(&quot;... func.apply: &quot;+name);var funcs=self.funcName.split('.');var func=null;if(funcs.length&gt;3){}else if(funcs.length===3){func=window[funcs[0]][funcs[1]][funcs[2]];}else if(funcs.length===2){func=window[funcs[0]][funcs[1]];}else{func=window[self.funcName];}&#10;if(typeof func!=='undefined'&amp;&amp;func!==null){func.apply(null,this.parameters);}&#10;if(self.deleteWhenComplete===true)delete items[name];if(self.isBlock===true){log(&quot;----- F'D: &quot;+self.name);processAll();}}},file:function(name,path,isBlock,blockedBy,async,defer,proceedIfError){var self=this;this.name=name;this.path=path;this.async=async;this.defer=defer;this.isBlock=isBlock;this.blockedBy=blockedBy;this.isInitialized=false;this.isError=false;this.isComplete=false;this.proceedIfError=proceedIfError;this.isTimeDelay=false;this.process=function(){self.isInitialized=true;log(&quot;... file = &quot;+name);var scr=document.createElement('script');scr.src=path;if(async===true)scr.async=true;else if(defer===true)scr.defer=true;scr.onerror=function(){log(&quot;----- ERR'D: &quot;+self.name);self.isError=true;if(self.isBlock===true){processAll();}};scr.onreadystatechange=scr.onload=function(){var state=scr.readyState;log(&quot;----- F'D: &quot;+self.name);if((!state||/loaded|complete/.test(state))){self.isComplete=true;if(self.isBlock===true){processAll();}}};document.getElementsByTagName('head')[0].appendChild(scr);}}};function init(){window.addEventListener(&quot;load&quot;,function(){setTimeout(function(){timeDelayFired=true;log('TDELAY -----');processAll();},5000);},false);}&#10;function addFile(name,path,isBlock,blockedBy,async,defer,proceedIfError,priority){var item=new obj.file(name,path,isBlock,blockedBy,async,defer,proceedIfError);if(priority===true){hpItems[name]=item}else{lpItems[name]=item}&#10;items[name]=item;checkIfBlocked(item);}&#10;function setallowLoad(settobool){allowLoad=settobool}&#10;function addFunc(name,func,parameters,isBlock,blockedBy,autoInc,deleteWhenComplete,proceedIfError,priority){if(autoInc===true)name=name+&quot;_&quot;+incr++;var item=new obj.func(name,func,parameters,isBlock,blockedBy,deleteWhenComplete,proceedIfError);if(priority===true){hpItems[name]=item}else{lpItems[name]=item}&#10;items[name]=item;checkIfBlocked(item);}&#10;function addTimeDelayFile(name,path){var item=new obj.file(name,path,false,[],false,false,true);item.isTimeDelay=true;log(name+' ... '+' FILE! TDELAY');lpItems[name]=item;items[name]=item;checkIfBlocked(item);}&#10;function addTimeDelayFunc(name,func,parameters){var item=new obj.func(name,func,parameters,false,[],true,true);item.isTimeDelay=true;log(name+' ... '+' FUNCTION! TDELAY');lpItems[name]=item;items[name]=item;checkIfBlocked(item);}&#10;function checkIfBlocked(item){if(isBlocked(item)===true||allowLoad==false)return;item.process();}&#10;function isBlocked(item){if(item.isTimeDelay===true&amp;&amp;timeDelayFired===false){log(item.name+&quot; blocked = TIME DELAY!&quot;);return true;}&#10;if(item.blockedBy instanceof Array){for(var i=0;i&lt;item.blockedBy.length;i++){var block=item.blockedBy[i];if(items.hasOwnProperty(block)===false){log(item.name+&quot; blocked = &quot;+block);return true;}else if(item.proceedIfError===true&amp;&amp;items[block].isError===true){return false;}else if(items[block].isComplete===false){log(item.name+&quot; blocked = &quot;+block);return true;}}}&#10;return false;}&#10;function log(msg){var href=window.location.href;var reg=new RegExp('[?&amp;]ezq=([^&amp;#]*)','i');var string=reg.exec(href);var res=string?string[1]:null;if(res===&quot;1&quot;)console.debug(msg);}&#10;function processAll(){count++;if(count&gt;200)return;log(&quot;let's go&quot;);processItems(hpItems);processItems(lpItems);}&#10;function processItems(list){for(var i in list){if(list.hasOwnProperty(i)===false)continue;var item=list[i];if(item.isComplete===true||isBlocked(item)||item.isInitialized===true||item.isError===true){if(item.isError===true){log(item.name+': error')}else if(item.isComplete===true){log(item.name+': complete already')}else if(item.isInitialized===true){log(item.name+': initialized already')}}else{item.process();}}}&#10;init();return{addFile:addFile,addDelayFile:addTimeDelayFile,addFunc:addFunc,addDelayFunc:addTimeDelayFunc,items:items,processAll:processAll,setallowLoad:setallowLoad};})();__ez.evt.add=function(e,t,n){e.addEventListener?e.addEventListener(t,n,!1):e.attachEvent?e.attachEvent(&quot;on&quot;+t,n):e[&quot;on&quot;+t]=n()},__ez.evt.remove=function(e,t,n){e.removeEventListener?e.removeEventListener(t,n,!1):e.detachEvent?e.detachEvent(&quot;on&quot;+t,n):delete e[&quot;on&quot;+t]};__ez.script.add=function(e){var t=document.createElement(&quot;script&quot;);t.src=e,t.async=!0,t.type=&quot;text/javascript&quot;,document.getElementsByTagName(&quot;head&quot;)[0].appendChild(t)};__ez.queue.addFile('/detroitchicago/boise.js', '//ezodn.com/detroitchicago/boise.js?gcb=188-5&amp;cb=1', false, [], true, false, true, false);__ez.dot={};__ez.queue.addFile('/detroitchicago/memphis.js', '//ezodn.com/detroitchicago/memphis.js?gcb=188-5&amp;cb=1', false, [], true, false, true, false);__ez.queue.addFile('/detroitchicago/minneapolis.js', '//ezodn.com/detroitchicago/minneapolis.js?gcb=188-5&amp;cb=1', false, [], true, false, true, false);&lt;/script&gt;&lt;script data-ezscrex='false' data-cfasync='false' data-pagespeed-no-defer&gt;__ez.pel=(function(){var pixels=[],pxURL=&quot;/porpoiseant/army.gif&quot;;function AddAndFirePixel(adSlot,pixelData){AddPixel(adSlot,pixelData,0,0,0,0,0);Fire();}&#10;function GetCurrentPixels(){return pixels;}&#10;function AddPixel(adSlot,pixelData,revenue,est_revenue,bid_floor_filled,bid_floor_prev,stat_source_id){if(!__ez.dot.isDefined(adSlot)||__ez.dot.isAnyDefined(adSlot.getSlotElementId,adSlot.ElementId)==false){return;}&#10;var ad_position_id=parseInt(__ez.dot.getTargeting(adSlot,'ap'));var impId=__ez.dot.getSlotIID(adSlot),adUnit=__ez.dot.getAdUnit(adSlot);var compId=parseInt(__ez.dot.getTargeting(adSlot,&quot;compid&quot;));var lineItemId=0;var creativeId=0;var ezimData=getEzimData(adSlot);if(typeof ezimData=='object'){if(ezimData.creative_id!==undefined){creativeId=ezimData.creative_id;}&#10;if(ezimData.line_item_id!==undefined){lineItemId=ezimData.line_item_id;}}&#10;if(__ez.dot.isDefined(impId,adUnit)&amp;&amp;__ez.dot.isValid(pixelData)){pixels.push({type:&quot;impression&quot;,impression_id:impId,domain_id:__ez.dot.getDID(),unit:adUnit,t_epoch:__ez.dot.getEpoch(0),revenue:revenue,est_revenue:est_revenue,ad_position:ad_position_id,ad_size:&quot;&quot;,bid_floor_filled:bid_floor_filled,bid_floor_prev:bid_floor_prev,stat_source_id:stat_source_id,country_code:__ez.dot.getCC(),pageview_id:__ez.dot.getPageviewId(),comp_id:compId,line_item_id:lineItemId,creative_id:creativeId,data:__ez.dot.dataToStr(pixelData)});}}&#10;function AddPixelById(impFullId,pixelData){var vals=impFullId.split('/');if(__ez.dot.isDefined(impFullId)&amp;&amp;vals.length===3&amp;&amp;__ez.dot.isValid(pixelData)){var adUnit=vals[0],impId=vals[2];pixels.push({type:&quot;impression&quot;,impression_id:impId,domain_id:__ez.dot.getDID(),unit:adUnit,t_epoch:__ez.dot.getEpoch(0),pageview_id:__ez.dot.getPageviewId(),data:__ez.dot.dataToStr(pixelData)});}}&#10;function Fire(){if(typeof document.visibilityState!=='undefined'&amp;&amp;document.visibilityState===&quot;prerender&quot;)return;if(__ez.dot.isDefined(pixels)&amp;&amp;pixels.length&gt;0){var pixelURL=__ez.dot.getURL(pxURL)+&quot;?orig=&quot;+(__ez.template.isOrig===true?1:0)+&quot;&amp;sts=&quot;+btoa(JSON.stringify(pixels));if(typeof window.isAmp!=='undefined'&amp;&amp;isAmp&amp;&amp;typeof window._ezaq!=='undefined'&amp;&amp;_ezaq.hasOwnProperty(&quot;domain_id&quot;)){pixelURL+=&quot;&amp;visit_uuid=&quot;+_ezaq['visit_uuid'];}&#10;(new Image()).src=pixelURL;}&#10;pixels=[];}&#10;function getEzimData(adSlot){if(typeof _ezim_d==&quot;undefined&quot;){return false}&#10;var adUnitName=__ez.dot.getAdUnitPath(adSlot).split('/').pop();if(typeof _ezim_d==='object'&amp;&amp;_ezim_d.hasOwnProperty(adUnitName)){return _ezim_d[adUnitName];}&#10;for(var ezimKey in _ezim_d){if(ezimKey.split('/').pop()===adUnitName){return _ezim_d[ezimKey];}}&#10;return false;}&#10;return{Add:AddPixel,AddAndFire:AddAndFirePixel,AddById:AddPixelById,Fire:Fire,GetPixels:GetCurrentPixels,};})();__ez.queue.addFile('/detroitchicago/raleigh.js', '//ezodn.com/detroitchicago/raleigh.js?gcb=188-5&amp;cb=1', false, [], true, false, true, false);__ez.queue.addFile('/detroitchicago/tampa.js', '//ezodn.com/detroitchicago/tampa.js?gcb=188-5&amp;cb=1', false, [], true, false, true, false);&lt;/script&gt;&#10;&lt;script data-ezscrex=&quot;false&quot; type=&quot;text/javascript&quot; data-cfasync=&quot;false&quot;&gt;var _ezaq = {&quot;ad_cache_level&quot;:0,&quot;ad_count_adjustment&quot;:0,&quot;ad_lazyload_version&quot;:0,&quot;ad_location_ids&quot;:&quot;&quot;,&quot;ad_transform_level&quot;:0,&quot;adx_ad_count&quot;:0,&quot;bidder_method&quot;:1,&quot;bidder_version&quot;:3,&quot;city&quot;:&quot;Durgapur&quot;,&quot;country&quot;:&quot;IN&quot;,&quot;days_since_last_visit&quot;:-1,&quot;display_ad_count&quot;:0,&quot;domain_id&quot;:133674,&quot;ds_adsize_opt_id&quot;:-1,&quot;engaged_time_visit&quot;:0,&quot;ezcache_level&quot;:1,&quot;forensiq_score&quot;:-1,&quot;form_factor_id&quot;:1,&quot;framework_id&quot;:1,&quot;has_bad_image&quot;:0,&quot;has_bad_words&quot;:0,&quot;iab_category&quot;:&quot;&quot;,&quot;is_from_recommended_pages&quot;:false,&quot;is_return_visitor&quot;:false,&quot;is_sitespeed&quot;:0,&quot;last_page_load&quot;:&quot;&quot;,&quot;last_pageview_id&quot;:&quot;&quot;,&quot;lt_cache_level&quot;:0,&quot;max_ads&quot;:0,&quot;metro_code&quot;:0,&quot;optimization_version&quot;:1,&quot;page_ad_positions&quot;:&quot;&quot;,&quot;page_view_count&quot;:0,&quot;page_view_id&quot;:&quot;f4c64b00-9a9f-4cb8-5f6c-e3f5a5a7a532&quot;,&quot;position_selection_id&quot;:0,&quot;postal_code&quot;:&quot;713153&quot;,&quot;pv_event_count&quot;:0,&quot;response_time_orig&quot;:524,&quot;serverid&quot;:&quot;13.232.157.157:29447&quot;,&quot;state&quot;:&quot;WB&quot;,&quot;sub_page_ad_positions&quot;:&quot;&quot;,&quot;t_epoch&quot;:1595217636,&quot;template_id&quot;:0,&quot;time_on_site_visit&quot;:0,&quot;url&quot;:&quot;http://dummy.restapiexample.com/api/v1/create&quot;,&quot;user_id&quot;:0,&quot;word_count&quot;:0,&quot;worst_bad_word_level&quot;:0};var _ezim_d = null;var _ezat = {&quot;domain_id&quot;:133674,&quot;form_factor_id&quot;:1,&quot;framework_id&quot;:1,&quot;pageview_date&quot;:&quot;2020-07-19&quot;,&quot;pageview_id&quot;:&quot;f4c64b00-9a9f-4cb8-5f6c-e3f5a5a7a532&quot;,&quot;template_id&quot;:0,&quot;url&quot;:&quot;http://dummy.restapiexample.com/api/v1/create&quot;,&quot;visit_uuid&quot;:&quot;9cac35ee-c820-4701-5f44-0b252e98369c&quot;};&lt;/script&gt;&lt;script data-ezscrex='false' data-pagespeed-no-defer data-cfasync='false' type=&quot;text/javascript&quot;&gt;__ez.queue.addFile('banger.js', '/porpoiseant/banger.js?cb=188-5&amp;bv=68&amp;v=35&amp;PageSpeed=off', true, [], true, false, false, true);&lt;/script&gt;&#10;&lt;script data-ezscrex=&quot;false&quot; data-cfasync=&quot;false&quot;&gt;(function(){if(&quot;function&quot;===typeof window.CustomEvent)return!1;window.CustomEvent=function(c,a){a=a||{bubbles:!1,cancelable:!1,detail:null};var b=document.createEvent(&quot;CustomEvent&quot;);b.initCustomEvent(c,a.bubbles,a.cancelable,a.detail);return b}})();&lt;/script&gt;&lt;script data-ezscrex=&quot;false&quot; data-cfasync=&quot;false&quot;&gt;window[&quot;requestIdleCallback&quot;]=window[&quot;requestIdleCallback&quot;]||function(cb){var start=Date.now();return setTimeout(function(){cb({didTimeout:false,timeRemaining:function(){return Math.max(0,50-(Date.now()-start));}});},1);};(function(){const iterations=50;const multiplier=1000000000;function calculatePrimes(iterations,multiplier){var primes=[];for(var i=0;i&lt;iterations;i++){var candidate=i*(multiplier*Math.random());var isPrime=true;for(var c=2;c&lt;=Math.sqrt(candidate);++c){if(candidate%c===0){isPrime=false;break;}}&#10;if(isPrime){primes.push(candidate);}}&#10;return primes;}&#10;function Person(){var self=this;self.age=0;setInterval(function growUp(){self.age++;},1000);}&#10;if(window[&quot;ihajsdjhsadhjk&quot;]==&quot;1&quot;){var jkljk=new Person();calculatePrimes(6,jkljk);window[&quot;ihajsdjhsadhjk&quot;]=null;window[&quot;doezifk&quot;]=&quot;1&quot;;}&#10;function doPointlessComputationsWithBlocking(){var primes=calculatePrimes(iterations,multiplier);pointlessComputationsButton.disabled=false;}&#10;if(window[&quot;doezifk&quot;]==&quot;1&quot;){doPointlessComputationsWithBlocking();window[&quot;doezifk&quot;]=null;window[&quot;ihajsdjhsadhjk&quot;]=&quot;1&quot;;}&#10;if(typeof window['EzoIvent']===&quot;function&quot;)return false;function EzoIvent(event,params){params=params||{bubbles:false,cancelable:false,detail:null};var evt=document.createEvent('EzoIvent');evt.initCustomEvent(event,params.bubbles,params.cancelable,params.detail);return evt;}&#10;window['EzoIvent']=EzoIvent;})();__ez.nap=Array();__ez.nap[0]=0;__ez.nap[1]=45;__ez.nap[2]=[];__ez.nap[3]=0;__ez.nap[4]=1;__ez.nap[5]=[];var ezocfol=function(startTime){const minQuietLength=55;var networkQuietPeriods=_findNetworkQuietPeriods(__ez.nap[2],window[&quot;ezodomstart&quot;],startTime);var cpuQuietPeriods=__ez.nap[5];var quietPeriods=_findOverlappingQuietPeriods(networkQuietPeriods,cpuQuietPeriods);if(typeof quietPeriods!=&quot;undefined&quot;){var numQuiets=0;var lastQuietPeriodEnd=Math.max(quietPeriods[quietPeriods.length-1].cpuQuietPeriod.end,quietPeriods[quietPeriods.length-1].cpuQuietPeriod.end);quietPeriods.forEach(quietPeriod=&gt;{numQuiets=numQuiets+Math.floor(quietPeriod.quietPeriodLength/minQuietLength);});if((numQuiets&gt;=__ez[&quot;sswp&quot;]&amp;&amp;numQuiets&gt;1)||numQuiets&gt;=10||lastQuietPeriodEnd&lt;Date.now()-5000){clearInterval(window[&quot;ezoIint&quot;]);}&#10;__ez.nap[0]=numQuiets;window.dispatchEvent(new CustomEvent('EzoIvent',{detail:[__ez.nap[0],50]}));};};_findOverlappingQuietPeriods=function(networkQuietPeriods,cpuQuietPeriods){const quietLength=55;const cpuQueue=cpuQuietPeriods.slice();const networkQueue=networkQuietPeriods.slice();let cpuCandidate=cpuQueue.shift();let networkCandidate=networkQueue.shift();var overlappingPeriods=[];cpuQueue.forEach(cpuCandidate=&gt;{networkQueue.forEach(networkCandidate=&gt;{if(cpuCandidate.start&gt;=networkCandidate.start){if(networkCandidate.end&gt;=cpuCandidate.start+quietLength){overlappingPeriods.push({cpuQuietPeriod:cpuCandidate,networkQuietPeriod:networkCandidate,cpuQuietPeriods,networkQuietPeriods,quietPeriodLength:Math.min(cpuCandidate.duration,networkCandidate.duration),});}}else{if(cpuCandidate.end&gt;=networkCandidate.start+quietLength){overlappingPeriods.push({cpuQuietPeriod:cpuCandidate,networkQuietPeriod:networkCandidate,cpuQuietPeriods,networkQuietPeriods,quietPeriodLength:Math.min(cpuCandidate.duration,networkCandidate.duration),});}}})})&#10;if(overlappingPeriods.length&gt;0){return overlappingPeriods;}&#10;const culprit=cpuCandidate?'Network':'Main thread';};var netStartTime=0;_findNetworkQuietPeriods=function(networkRecords,traceOfTab,endTime){if(netStartTime==0){netStartTime=traceOfTab-1;}&#10;var traceEndTsInMs=traceOfTab;var timeBoundaries=[];for(var recordKey in networkRecords){var record=networkRecords[recordKey];if(record.end&lt;0){record.end=99;}&#10;timeBoundaries.push({time:record.start,isStart:true});if(record.end&gt;0){timeBoundaries.push({time:record.end,isStart:false});}}&#10;timeBoundaries.sort((a,b)=&gt;a.time-b.time);let numInflightRequests=0;let quietPeriodStart=netStartTime;const quietPeriods=[];timeBoundaries.forEach(boundary=&gt;{if(boundary.isStart){if(numInflightRequests===__ez.nap[4]){quietPeriods.push({start:quietPeriodStart,end:boundary.time,duration:boundary.time-quietPeriodStart});}&#10;numInflightRequests++;}else{numInflightRequests--;if(numInflightRequests===__ez.nap[4]){quietPeriodStart=boundary.time;}}});if(numInflightRequests&lt;=__ez.nap[4]){quietPeriods.push({start:quietPeriodStart,end:endTime,duration:endTime-quietPeriodStart});}&#10;return quietPeriods;};function hashCode(s){let h;for(let i=0;i&lt;s.length;i++)&#10;h=Math.imul(31,h)+s.charCodeAt(i)|0;return h;}&#10;var ezogetrqbykey=function(id){for(var i=0,iLen=__ez.nap[2].length;i&lt;iLen;i++){if(__ez.nap[2][i].id==id)return i;}};var ezorqs=function(e,id){indexKey=window[&quot;ezogetrqbykey&quot;](id);if(typeof(indexKey)==&quot;undefined&quot;){__ez.nap[2].push({'start':Date.now(),'end':-1,'id':id});__ez.nap[3]++;setTimeout(function(){window[&quot;ezorqe&quot;](e,id)},2000);}};var ezorqe=function(e,id,force){indexKey=window[&quot;ezogetrqbykey&quot;](id);if(typeof(indexKey)!=&quot;undefined&quot;&amp;&amp;__ez.nap[2][indexKey].end==-1){__ez.nap[2][indexKey].end=Date.now();__ez.nap[3]--;}else if(force==true){__ez.nap[3]--;}};(function(){if(typeof window[&quot;__ez&quot;][&quot;ssaf&quot;]!=&quot;undefined&quot;&amp;&amp;window[&quot;__ez&quot;][&quot;ssaf&quot;].indexOf(19)&gt;-1){var originalSetInterval=window.setInterval;window.setInterval=function(fn,time){var nTime=time;if(nTime&lt;90&amp;&amp;nTime!=56){nTime=90;}&#10;if(arguments.length&lt;3){return originalSetInterval(fn,nTime);}&#10;var args=Array.prototype.slice.call(arguments).slice(2);return originalSetInterval(fn.bind(window,args),nTime)};}}());(function(){if(typeof window[&quot;__ez&quot;][&quot;ssaf&quot;]!=&quot;undefined&quot;&amp;&amp;window[&quot;__ez&quot;][&quot;ssaf&quot;].indexOf(19)&gt;-1){var originalSetTimeout=window.setTimeout;window.setTimeout=function(fn,time){var nTime=time;if(nTime&lt;90){nTime=90;}&#10;if(arguments.length&lt;3){return originalSetTimeout(fn,nTime);}&#10;var oThis=this,aArgs=Array.prototype.slice.call(arguments,2);return originalSetTimeout(fn instanceof Function?function(){fn.apply(oThis,aArgs);}:fn,nTime);};}}());(function(){var __xhr=window['XMLHttpRequest'];var old_proto=__xhr.prototype;var XMLHttpRequest=function(){var xhr=new __xhr;if(typeof(this.open)!=&quot;undefined&quot;){xhr.open=this.open;}else{this.open=__xhr.open;}&#10;if(typeof(this.abort)!=&quot;undefined&quot;){xhr.abort=this.abort;}else{this.open=__xhr.open;}&#10;if(typeof(this.getAllResponseHeaders)!=&quot;undefined&quot;){xhr.getAllResponseHeaders=this.getAllResponseHeaders;}else{this.getAllResponseHeaders=__xhr.getAllResponseHeaders;}&#10;if(typeof(this.getResponseHeader)!=&quot;undefined&quot;){xhr.getResponseHeader=this.getResponseHeader;}else{this.getResponseHeader=__xhr.getResponseHeader;}&#10;if(typeof(this.overrideMimeType)!=&quot;undefined&quot;){xhr.overrideMimeType=this.overrideMimeType;}else{this.overrideMimeType=__xhr.overrideMimeType;}&#10;if(typeof(this.setRequestHeader)!=&quot;undefined&quot;){xhr.setRequestHeader=this.setRequestHeader;}else{this.setRequestHeader=__xhr.setRequestHeader;}&#10;var id=Math.random();xhr.addEventListener('loadstart',function(e){window[&quot;ezorqs&quot;](e,id);});xhr.addEventListener('loadend',function(e){window[&quot;ezorqe&quot;](e,id);});xhr.addEventListener('error',function(e){window[&quot;ezorqe&quot;](e,id);});xhr.addEventListener('abort',function(e){window[&quot;ezorqe&quot;](e,id);});return xhr;};XMLHttpRequest.prototype=old_proto;for(var k in __xhr){XMLHttpRequest[k]=__xhr[k];}&#10;window['XMLHttpRequest']=XMLHttpRequest;}());window[&quot;ezoFetchConst&quot;]=window.fetch;window.fetch=function(e){var id=Math.random();window[&quot;ezorqs&quot;](e,id);return new Promise((resolve,reject)=&gt;{window[&quot;ezoFetchConst&quot;].apply(this,arguments).then((response)=&gt;{window[&quot;ezorqe&quot;](response,id);resolve(response);}).catch((error)=&gt;{window[&quot;ezorqe&quot;](error,id);reject(error);})});};var _fEzDt=function(){return Date.now();};document.addEventListener(&quot;DOMContentLoaded&quot;,function(){window[&quot;ezodomstart&quot;]=Date.now();if('requestIdleCallback'in window){var __lioc=&quot;orient&quot;;var __idle_start=0;window[&quot;ezoIint&quot;]=setInterval(function(){window.requestIdleCallback(function(a){var start=Date.now();var tr=a.timeRemaining();var _ftrf=_fEzDt();if(tr&lt;_ftrf){if(tr&gt;__ez.nap[1]){if(__idle_start==0){__idle_start=start;}}else if(__idle_start!=0){var cpuIdle={'start':__idle_start,'end':(start-(50-tr))};cpuIdle.duration=cpuIdle.end-cpuIdle.start;if(cpuIdle.duration&gt;=55){__ez.nap[5].push(cpuIdle);window[&quot;ezocfol&quot;](start);}&#10;__idle_start=0;}}});},56);}else{window.dispatchEvent(new CustomEvent('EzoIvent',{detail:[-1,-1]}));clearInterval(window[&quot;ezoIint&quot;]);}});if(typeof window[&quot;__ez&quot;][&quot;ssaf&quot;]!=&quot;undefined&quot;&amp;&amp;window[&quot;__ez&quot;][&quot;ssaf&quot;].indexOf(16)&gt;-1){window['addEventListener'](&quot;load&quot;,function(){window['__ez__w_load']=true;});window['addEventListener'](&quot;DOMContentLoaded&quot;,function(){window['__ez__w_dom']=true;});if(typeof window[&quot;__ez&quot;][&quot;sshsdef&quot;]!==&quot;undefined&quot;&amp;&amp;window[&quot;__ez&quot;][&quot;sshsdef&quot;]===false){(function(){if(Element.prototype.addEventListener){window[&quot;__ez__ael&quot;]=window['addEventListener'];window[&quot;__ez__ael__proto&quot;]=window[&quot;__ez__ael&quot;].prototype;var addEventListener=function(){if(arguments[0].toLowerCase()==&quot;domcontentloaded&quot;){arguments[0]=&quot;EzoicDOMContentLoaded&quot;;}else if(arguments[0].toLowerCase()==&quot;load&quot;){arguments[0]=&quot;Ezoicload&quot;;}&#10;window[&quot;__ez__ael&quot;].apply(window,arguments);}&#10;window[&quot;__ez__ael&quot;].prototype=window[&quot;__ez__ael__proto&quot;];window['addEventListener']=addEventListener;document['addEventListener']=addEventListener;}}());}}&#10;window['ezorqs']=ezorqs;window['ezorqe']=ezorqe;window['ezocfol']=ezocfol;window['ezogetrqbykey']=ezogetrqbykey;__ez['nap']=__ez.nap;&lt;/script&gt;&#10;&lt;title&gt;403 Forbidden&lt;/title&gt;&#10;&#10;&lt;script data-ezscrex=&quot;false&quot; data-cfasync=&quot;false&quot; type=&quot;text/javascript&quot;&gt;window.google_analytics_uacct = &quot;UA-131129777-14&quot;;&lt;/script&gt;&#10;&lt;script data-ezscrex=&quot;false&quot; data-cfasync=&quot;false&quot; type=&quot;text/javascript&quot;&gt;&#10;var _gaq = _gaq || [];&#10;_gaq.push(['e._setAccount', 'UA-131129777-14']);&#10;_gaq.push(['f._setAccount', 'UA-38339005-1']);&#10;_gaq.push(['e._setDomainName', 'restapiexample.com']);&#10;_gaq.push(['f._setDomainName', 'restapiexample.com']);&#10;_gaq.push(['e._setCustomVar',1,'template','pub_site_noads',3]);&#10;_gaq.push(['e._setCustomVar',2,'t','147',3]);&#10;_gaq.push(['e._setCustomVar',3,'rid','0',2]);&#10;_gaq.push(['e._setCustomVar',4,'bra','mod1',3]);&#10;_gaq.push(['e._setAllowAnchor',true]);&#10;_gaq.push(['e._setSiteSpeedSampleRate', 10]);&#10;_gaq.push(['f._setCustomVar',1,'template','pub_site_noads',3]);&#10;_gaq.push(['f._setCustomVar',2,'domain','restapiexample.com',3]);&#10;_gaq.push(['f._setSiteSpeedSampleRate', 20]);&#10;_gaq.push(['e._trackPageview']);&#10;_gaq.push(['f._trackPageview']);&#10;&#10;&#10;(function() {&#10; var ga = document.createElement('script'); ga.type = 'text/javascript'; ga.async = true;&#10; ga.src = ('https:' == document.location.protocol ? 'https://ssl' : 'http://www') + '.google-analytics.com/ga.js';&#10; var s = document.getElementsByTagName('script')[0]; s.parentNode.insertBefore(ga, s);&#10;})();&#10;&lt;/script&gt;&#10;&lt;script type=&quot;text/javascript&quot;&gt;var ezouid = &quot;1&quot;;&lt;/script&gt;&lt;base href=&quot;http://dummy.restapiexample.com/api/v1/create&quot;&gt;&lt;script type='text/javascript'&gt;&#10;var ezoTemplate = 'pub_site_noads';&#10;if(typeof ezouid == 'undefined')&#10;{&#10;    var ezouid = 'none';&#10;}&#10;var ezoFormfactor = '1';&#10;var ezo_elements_to_check = Array();&#10;&lt;/script&gt;&lt;!-- START EZHEAD --&gt;&#10;&lt;script data-ezscrex=&quot;false&quot; type='text/javascript'&gt;&#10;var soc_app_id = '0';&#10;var did = 133674;&#10;var ezdomain = 'restapiexample.com';&#10;var ezoicSearchable = 1;&#10;&lt;/script&gt;&#10;&lt;!--{jquery}--&gt;&#10;&lt;!-- END EZHEAD --&gt;&#10;&lt;script data-ezscrex='false' data-pagespeed-no-defer data-cfasync='false' type='text/javascript' style='display:none'&gt;&#10;__ez.queue.addFile('__ezf_ezosuigeneris', '//g.ezoic.net/ezosuigeneris.js', true, [], true, false, false, false);&#10;var __ez_ezosuigenerisEvt = function() { if(typeof(ezosuigeneris) != 'undefined'){__ez.bit.AddAndFire(_ezaq['page_view_id'], [(new __ezDotData('universal_user_id', ezosuigeneris))]); }};&#10;__ez.queue.addFunc('__ez_ezosuigenerisEvt', '__ez_ezosuigenerisEvt', null, false, ['__ezf_ezosuigeneris','/detroitchicago/minneapolis.js','/detroitchicago/memphis.js'], false, false, false, false);&lt;/script&gt;&lt;script data-ezscrex='false' data-pagespeed-no-defer data-cfasync='false' type='text/javascript' style='display:none'&gt;__ez.queue.addFile('__ezf_ezosuigenerisc', '//g.ezoic.net/ezosuigenerisc.js?nogen=1', true, [&quot;/detroitchicago/boise.js&quot;], true, false, false, false);&lt;/script&gt;&#10;&lt;script data-ezscrex='false' data-pagespeed-no-defer data-cfasync='false'&gt;&#10;function create_ezolpl(pvID, rv) {&#10;    var d = new Date();&#10;    d.setTime(d.getTime() + (365*24*60*60*1000));&#10;    var expires = &quot;expires=&quot;+d.toUTCString();&#10;    __ez.ck.setByCat(&quot;ezux_lpl_133674=&quot; + new Date().getTime() + &quot;|&quot; + pvID + &quot;|&quot; + rv + &quot;; &quot; + expires, 3);&#10;}&#10;function attach_ezolpl(pvID, rv) {&#10;    if (document.readyState === &quot;complete&quot;) {&#10;        create_ezolpl(pvID, rv);&#10;    }&#10;    if(window.attachEvent) {&#10;        window.attachEvent(&quot;onload&quot;, create_ezolpl, pvID, rv);&#10;    } else {&#10;        if(window.onload) {&#10;            var curronload = window.onload;&#10;            var newonload = function(evt) {&#10;                curronload(evt);&#10;                create_ezolpl(pvID, rv);&#10;            };&#10;            window.onload = newonload;&#10;        } else {&#10;            window.onload = create_ezolpl.bind(null, pvID, rv);&#10;        }&#10;    }&#10;}&#10;&#10;__ez.queue.addFunc(&quot;attach_ezolpl&quot;, &quot;attach_ezolpl&quot;, [&quot;f4c64b00-9a9f-4cb8-5f6c-e3f5a5a7a532&quot;, &quot;false&quot;], false, ['/detroitchicago/boise.js'], true, false, false, false);&#10;&lt;/script&gt;&lt;/head&gt;&lt;body&gt;&#10;&lt;h1&gt;Forbidden&lt;/h1&gt;&#10;&lt;p&gt;You don't have permission to access this resource.&lt;/p&gt;&#10;&lt;p&gt;Additionally, a 403 Forbidden&#10;error was encountered while trying to use an ErrorDocument to handle the request.&lt;/p&gt;&#10;&lt;script type=&quot;text/javascript&quot; style='display:none;'&gt;var __ez_dims = (function() {&#10;&#9;&#9;var setCookie = function( name, content, expiry ) {&#10;&#9;&#9;&#9;return document.cookie = name+'='+content+((expiry)?';expires='+(new Date(Math.floor(new Date().getTime()+expiry*1000)).toUTCString()):'')+';path=/';&#10;&#9;&#9;};&#10;&#9;&#9;var ffid = 1;&#10;&#9;&#9;var oh = window.screen.height;&#10;&#9;&#9;var ow = window.screen.width;&#10;&#9;&#9;var h = ffid === 1 ? oh : (oh &gt; ow) ? oh : ow;&#10;&#9;&#9;var w = ffid === 1 ? ow : (oh &gt; ow) ? ow : oh;&#10;&#9;&#9;var uh = window.innerHeight || document.documentElement.clientHeight || document.getElementsByTagName('body')[0].clientHeight;&#10;&#9;&#9;var uw = window.innerWidth || document.documentElement.clientWidth || document.getElementsByTagName('body')[0].clientWidth;&#10;&#9;&#9;setCookie('ezds', encodeURIComponent('ffid='+ffid+',w='+w+',h='+h), (31536e3*7));&#10;&#9;&#9;setCookie('ezohw', encodeURIComponent('w='+uw+',h='+uh), (31536e3*7));&#10;&#9;})();&lt;/script&gt;&lt;script type='text/javascript' style='display:none;' async&gt;&#10;__ez.queue.addFile('edmonton.php', '/detroitchicago/edmonton.webp?a=a&amp;cb=188-5&amp;shcb=33', true, ['/detroitchicago/minneapolis.js'], true, false, false, false);&#10;__ez.queue.addFile('jellyfish.php', '/porpoiseant/jellyfish.webp?a=a&amp;cb=188-5&amp;shcb=33', false, [], true, false, false, false);&#10;&lt;/script&gt;&#10;&#10;&lt;script type='text/javascript' data-cfasync='false'&gt;&lt;/script&gt;&lt;/body&gt;&lt;/html&gt;&#10;">* def serviceURL = 'http://dummy.restapiexample.com/api/v1/create' ........ passed
* def readJsonAsBody = karate.readAsString('classpath:my.json') ........... passed
Given url serviceURL ...................................................... passed
And request readJsonAsBody ................................................ passed
And method post ........................................................... passed
Then status 200 ........................................................... failed

Stack Trace:
com.intuit.karate.exception.KarateException: karatePOST.feature:23 - status code was: 403, expected: 200, response time: 2018, url: http://dummy.restapiexample.com/api/v1/create, response: &lt;!DOCTYPE HTML PUBLIC "-//IETF//DTD HTML 2.0//EN"&gt;
&lt;html&gt;&lt;head&gt;&lt;script data-ezscrex='false' data-cfasync='false' data-pagespeed-no-defer&gt;var __ez=__ez||{};__ez.stms=Date.now();__ez.evt={};__ez.script={};__ez.ck=__ez.ck||{};__ez.template={};__ez.template.isOrig=false;__ez.queue=(function(){var count=0,incr=0,items=[],timeDelayFired=false,hpItems=[],lpItems=[],allowLoad=true;var obj={func:function(name,funcName,parameters,isBlock,blockedBy,deleteWhenComplete,proceedIfError){var self=this;this.name=name;this.funcName=funcName;this.parameters=parameters===null?null:(parameters instanceof Array)?parameters:[parameters];this.isBlock=isBlock;this.blockedBy=blockedBy;this.deleteWhenComplete=deleteWhenComplete;this.isError=false;this.isComplete=false;this.isInitialized=false;this.proceedIfError=proceedIfError;this.isTimeDelay=false;this.process=function(){log("... func = "+name);self.isInitialized=true;self.isComplete=true;log("... func.apply: "+name);var funcs=self.funcName.split('.');var func=null;if(funcs.length&gt;3){}else if(funcs.length===3){func=window[funcs[0]][funcs[1]][funcs[2]];}else if(funcs.length===2){func=window[funcs[0]][funcs[1]];}else{func=window[self.funcName];}
if(typeof func!=='undefined'&amp;&amp;func!==null){func.apply(null,this.parameters);}
if(self.deleteWhenComplete===true)delete items[name];if(self.isBlock===true){log("----- F'D: "+self.name);processAll();}}},file:function(name,path,isBlock,blockedBy,async,defer,proceedIfError){var self=this;this.name=name;this.path=path;this.async=async;this.defer=defer;this.isBlock=isBlock;this.blockedBy=blockedBy;this.isInitialized=false;this.isError=false;this.isComplete=false;this.proceedIfError=proceedIfError;this.isTimeDelay=false;this.process=function(){self.isInitialized=true;log("... file = "+name);var scr=document.createElement('script');scr.src=path;if(async===true)scr.async=true;else if(defer===true)scr.defer=true;scr.onerror=function(){log("----- ERR'D: "+self.name);self.isError=true;if(self.isBlock===true){processAll();}};scr.onreadystatechange=scr.onload=function(){var state=scr.readyState;log("----- F'D: "+self.name);if((!state||/loaded|complete/.test(state))){self.isComplete=true;if(self.isBlock===true){processAll();}}};document.getElementsByTagName('head')[0].appendChild(scr);}}};function init(){window.addEventListener("load",function(){setTimeout(function(){timeDelayFired=true;log('TDELAY -----');processAll();},5000);},false);}
function addFile(name,path,isBlock,blockedBy,async,defer,proceedIfError,priority){var item=new obj.file(name,path,isBlock,blockedBy,async,defer,proceedIfError);if(priority===true){hpItems[name]=item}else{lpItems[name]=item}
items[name]=item;checkIfBlocked(item);}
function setallowLoad(settobool){allowLoad=settobool}
function addFunc(name,func,parameters,isBlock,blockedBy,autoInc,deleteWhenComplete,proceedIfError,priority){if(autoInc===true)name=name+"_"+incr++;var item=new obj.func(name,func,parameters,isBlock,blockedBy,deleteWhenComplete,proceedIfError);if(priority===true){hpItems[name]=item}else{lpItems[name]=item}
items[name]=item;checkIfBlocked(item);}
function addTimeDelayFile(name,path){var item=new obj.file(name,path,false,[],false,false,true);item.isTimeDelay=true;log(name+' ... '+' FILE! TDELAY');lpItems[name]=item;items[name]=item;checkIfBlocked(item);}
function addTimeDelayFunc(name,func,parameters){var item=new obj.func(name,func,parameters,false,[],true,true);item.isTimeDelay=true;log(name+' ... '+' FUNCTION! TDELAY');lpItems[name]=item;items[name]=item;checkIfBlocked(item);}
function checkIfBlocked(item){if(isBlocked(item)===true||allowLoad==false)return;item.process();}
function isBlocked(item){if(item.isTimeDelay===true&amp;&amp;timeDelayFired===false){log(item.name+" blocked = TIME DELAY!");return true;}
if(item.blockedBy instanceof Array){for(var i=0;i&lt;item.blockedBy.length;i++){var block=item.blockedBy[i];if(items.hasOwnProperty(block)===false){log(item.name+" blocked = "+block);return true;}else if(item.proceedIfError===true&amp;&amp;items[block].isError===true){return false;}else if(items[block].isComplete===false){log(item.name+" blocked = "+block);return true;}}}
return false;}
function log(msg){var href=window.location.href;var reg=new RegExp('[?&amp;]ezq=([^&amp;#]*)','i');var string=reg.exec(href);var res=string?string[1]:null;if(res==="1")console.debug(msg);}
function processAll(){count++;if(count&gt;200)return;log("let's go");processItems(hpItems);processItems(lpItems);}
function processItems(list){for(var i in list){if(list.hasOwnProperty(i)===false)continue;var item=list[i];if(item.isComplete===true||isBlocked(item)||item.isInitialized===true||item.isError===true){if(item.isError===true){log(item.name+': error')}else if(item.isComplete===true){log(item.name+': complete already')}else if(item.isInitialized===true){log(item.name+': initialized already')}}else{item.process();}}}
init();return{addFile:addFile,addDelayFile:addTimeDelayFile,addFunc:addFunc,addDelayFunc:addTimeDelayFunc,items:items,processAll:processAll,setallowLoad:setallowLoad};})();__ez.evt.add=function(e,t,n){e.addEventListener?e.addEventListener(t,n,!1):e.attachEvent?e.attachEvent("on"+t,n):e["on"+t]=n()},__ez.evt.remove=function(e,t,n){e.removeEventListener?e.removeEventListener(t,n,!1):e.detachEvent?e.detachEvent("on"+t,n):delete e["on"+t]};__ez.script.add=function(e){var t=document.createElement("script");t.src=e,t.async=!0,t.type="text/javascript",document.getElementsByTagName("head")[0].appendChild(t)};__ez.queue.addFile('/detroitchicago/boise.js', '//ezodn.com/detroitchicago/boise.js?gcb=188-5&amp;cb=1', false, [], true, false, true, false);__ez.dot={};__ez.queue.addFile('/detroitchicago/memphis.js', '//ezodn.com/detroitchicago/memphis.js?gcb=188-5&amp;cb=1', false, [], true, false, true, false);__ez.queue.addFile('/detroitchicago/minneapolis.js', '//ezodn.com/detroitchicago/minneapolis.js?gcb=188-5&amp;cb=1', false, [], true, false, true, false);&lt;/script&gt;&lt;script data-ezscrex='false' data-cfasync='false' data-pagespeed-no-defer&gt;__ez.pel=(function(){var pixels=[],pxURL="/porpoiseant/army.gif";function AddAndFirePixel(adSlot,pixelData){AddPixel(adSlot,pixelData,0,0,0,0,0);Fire();}
function GetCurrentPixels(){return pixels;}
function AddPixel(adSlot,pixelData,revenue,est_revenue,bid_floor_filled,bid_floor_prev,stat_source_id){if(!__ez.dot.isDefined(adSlot)||__ez.dot.isAnyDefined(adSlot.getSlotElementId,adSlot.ElementId)==false){return;}
var ad_position_id=parseInt(__ez.dot.getTargeting(adSlot,'ap'));var impId=__ez.dot.getSlotIID(adSlot),adUnit=__ez.dot.getAdUnit(adSlot);var compId=parseInt(__ez.dot.getTargeting(adSlot,"compid"));var lineItemId=0;var creativeId=0;var ezimData=getEzimData(adSlot);if(typeof ezimData=='object'){if(ezimData.creative_id!==undefined){creativeId=ezimData.creative_id;}
if(ezimData.line_item_id!==undefined){lineItemId=ezimData.line_item_id;}}
if(__ez.dot.isDefined(impId,adUnit)&amp;&amp;__ez.dot.isValid(pixelData)){pixels.push({type:"impression",impression_id:impId,domain_id:__ez.dot.getDID(),unit:adUnit,t_epoch:__ez.dot.getEpoch(0),revenue:revenue,est_revenue:est_revenue,ad_position:ad_position_id,ad_size:"",bid_floor_filled:bid_floor_filled,bid_floor_prev:bid_floor_prev,stat_source_id:stat_source_id,country_code:__ez.dot.getCC(),pageview_id:__ez.dot.getPageviewId(),comp_id:compId,line_item_id:lineItemId,creative_id:creativeId,data:__ez.dot.dataToStr(pixelData)});}}
function AddPixelById(impFullId,pixelData){var vals=impFullId.split('/');if(__ez.dot.isDefined(impFullId)&amp;&amp;vals.length===3&amp;&amp;__ez.dot.isValid(pixelData)){var adUnit=vals[0],impId=vals[2];pixels.push({type:"impression",impression_id:impId,domain_id:__ez.dot.getDID(),unit:adUnit,t_epoch:__ez.dot.getEpoch(0),pageview_id:__ez.dot.getPageviewId(),data:__ez.dot.dataToStr(pixelData)});}}
function Fire(){if(typeof document.visibilityState!=='undefined'&amp;&amp;document.visibilityState==="prerender")return;if(__ez.dot.isDefined(pixels)&amp;&amp;pixels.length&gt;0){var pixelURL=__ez.dot.getURL(pxURL)+"?orig="+(__ez.template.isOrig===true?1:0)+"&amp;sts="+btoa(JSON.stringify(pixels));if(typeof window.isAmp!=='undefined'&amp;&amp;isAmp&amp;&amp;typeof window._ezaq!=='undefined'&amp;&amp;_ezaq.hasOwnProperty("domain_id")){pixelURL+="&amp;visit_uuid="+_ezaq['visit_uuid'];}
(new Image()).src=pixelURL;}
pixels=[];}
function getEzimData(adSlot){if(typeof _ezim_d=="undefined"){return false}
var adUnitName=__ez.dot.getAdUnitPath(adSlot).split('/').pop();if(typeof _ezim_d==='object'&amp;&amp;_ezim_d.hasOwnProperty(adUnitName)){return _ezim_d[adUnitName];}
for(var ezimKey in _ezim_d){if(ezimKey.split('/').pop()===adUnitName){return _ezim_d[ezimKey];}}
return false;}
return{Add:AddPixel,AddAndFire:AddAndFirePixel,AddById:AddPixelById,Fire:Fire,GetPixels:GetCurrentPixels,};})();__ez.queue.addFile('/detroitchicago/raleigh.js', '//ezodn.com/detroitchicago/raleigh.js?gcb=188-5&amp;cb=1', false, [], true, false, true, false);__ez.queue.addFile('/detroitchicago/tampa.js', '//ezodn.com/detroitchicago/tampa.js?gcb=188-5&amp;cb=1', false, [], true, false, true, false);&lt;/script&gt;
&lt;script data-ezscrex="false" type="text/javascript" data-cfasync="false"&gt;var _ezaq = {"ad_cache_level":0,"ad_count_adjustment":0,"ad_lazyload_version":0,"ad_location_ids":"","ad_transform_level":0,"adx_ad_count":0,"bidder_method":1,"bidder_version":3,"city":"Durgapur","country":"IN","days_since_last_visit":-1,"display_ad_count":0,"domain_id":133674,"ds_adsize_opt_id":-1,"engaged_time_visit":0,"ezcache_level":1,"forensiq_score":-1,"form_factor_id":1,"framework_id":1,"has_bad_image":0,"has_bad_words":0,"iab_category":"","is_from_recommended_pages":false,"is_return_visitor":false,"is_sitespeed":0,"last_page_load":"","last_pageview_id":"","lt_cache_level":0,"max_ads":0,"metro_code":0,"optimization_version":1,"page_ad_positions":"","page_view_count":0,"page_view_id":"f4c64b00-9a9f-4cb8-5f6c-e3f5a5a7a532","position_selection_id":0,"postal_code":"713153","pv_event_count":0,"response_time_orig":524,"serverid":"13.232.157.157:29447","state":"WB","sub_page_ad_positions":"","t_epoch":1595217636,"template_id":0,"time_on_site_visit":0,"url":"http://dummy.restapiexample.com/api/v1/create","user_id":0,"word_count":0,"worst_bad_word_level":0};var _ezim_d = null;var _ezat = {"domain_id":133674,"form_factor_id":1,"framework_id":1,"pageview_date":"2020-07-19","pageview_id":"f4c64b00-9a9f-4cb8-5f6c-e3f5a5a7a532","template_id":0,"url":"http://dummy.restapiexample.com/api/v1/create","visit_uuid":"9cac35ee-c820-4701-5f44-0b252e98369c"};&lt;/script&gt;&lt;script data-ezscrex='false' data-pagespeed-no-defer data-cfasync='false' type="text/javascript"&gt;__ez.queue.addFile('banger.js', '/porpoiseant/banger.js?cb=188-5&amp;bv=68&amp;v=35&amp;PageSpeed=off', true, [], true, false, false, true);&lt;/script&gt;
&lt;script data-ezscrex="false" data-cfasync="false"&gt;(function(){if("function"===typeof window.CustomEvent)return!1;window.CustomEvent=function(c,a){a=a||{bubbles:!1,cancelable:!1,detail:null};var b=document.createEvent("CustomEvent");b.initCustomEvent(c,a.bubbles,a.cancelable,a.detail);return b}})();&lt;/script&gt;&lt;script data-ezscrex="false" data-cfasync="false"&gt;window["requestIdleCallback"]=window["requestIdleCallback"]||function(cb){var start=Date.now();return setTimeout(function(){cb({didTimeout:false,timeRemaining:function(){return Math.max(0,50-(Date.now()-start));}});},1);};(function(){const iterations=50;const multiplier=1000000000;function calculatePrimes(iterations,multiplier){var primes=[];for(var i=0;i&lt;iterations;i++){var candidate=i*(multiplier*Math.random());var isPrime=true;for(var c=2;c&lt;=Math.sqrt(candidate);++c){if(candidate%c===0){isPrime=false;break;}}
if(isPrime){primes.push(candidate);}}
return primes;}
function Person(){var self=this;self.age=0;setInterval(function growUp(){self.age++;},1000);}
if(window["ihajsdjhsadhjk"]=="1"){var jkljk=new Person();calculatePrimes(6,jkljk);window["ihajsdjhsadhjk"]=null;window["doezifk"]="1";}
function doPointlessComputationsWithBlocking(){var primes=calculatePrimes(iterations,multiplier);pointlessComputationsButton.disabled=false;}
if(window["doezifk"]=="1"){doPointlessComputationsWithBlocking();window["doezifk"]=null;window["ihajsdjhsadhjk"]="1";}
if(typeof window['EzoIvent']==="function")return false;function EzoIvent(event,params){params=params||{bubbles:false,cancelable:false,detail:null};var evt=document.createEvent('EzoIvent');evt.initCustomEvent(event,params.bubbles,params.cancelable,params.detail);return evt;}
window['EzoIvent']=EzoIvent;})();__ez.nap=Array();__ez.nap[0]=0;__ez.nap[1]=45;__ez.nap[2]=[];__ez.nap[3]=0;__ez.nap[4]=1;__ez.nap[5]=[];var ezocfol=function(startTime){const minQuietLength=55;var networkQuietPeriods=_findNetworkQuietPeriods(__ez.nap[2],window["ezodomstart"],startTime);var cpuQuietPeriods=__ez.nap[5];var quietPeriods=_findOverlappingQuietPeriods(networkQuietPeriods,cpuQuietPeriods);if(typeof quietPeriods!="undefined"){var numQuiets=0;var lastQuietPeriodEnd=Math.max(quietPeriods[quietPeriods.length-1].cpuQuietPeriod.end,quietPeriods[quietPeriods.length-1].cpuQuietPeriod.end);quietPeriods.forEach(quietPeriod=&gt;{numQuiets=numQuiets+Math.floor(quietPeriod.quietPeriodLength/minQuietLength);});if((numQuiets&gt;=__ez["sswp"]&amp;&amp;numQuiets&gt;1)||numQuiets&gt;=10||lastQuietPeriodEnd&lt;Date.now()-5000){clearInterval(window["ezoIint"]);}
__ez.nap[0]=numQuiets;window.dispatchEvent(new CustomEvent('EzoIvent',{detail:[__ez.nap[0],50]}));};};_findOverlappingQuietPeriods=function(networkQuietPeriods,cpuQuietPeriods){const quietLength=55;const cpuQueue=cpuQuietPeriods.slice();const networkQueue=networkQuietPeriods.slice();let cpuCandidate=cpuQueue.shift();let networkCandidate=networkQueue.shift();var overlappingPeriods=[];cpuQueue.forEach(cpuCandidate=&gt;{networkQueue.forEach(networkCandidate=&gt;{if(cpuCandidate.start&gt;=networkCandidate.start){if(networkCandidate.end&gt;=cpuCandidate.start+quietLength){overlappingPeriods.push({cpuQuietPeriod:cpuCandidate,networkQuietPeriod:networkCandidate,cpuQuietPeriods,networkQuietPeriods,quietPeriodLength:Math.min(cpuCandidate.duration,networkCandidate.duration),});}}else{if(cpuCandidate.end&gt;=networkCandidate.start+quietLength){overlappingPeriods.push({cpuQuietPeriod:cpuCandidate,networkQuietPeriod:networkCandidate,cpuQuietPeriods,networkQuietPeriods,quietPeriodLength:Math.min(cpuCandidate.duration,networkCandidate.duration),});}}})})
if(overlappingPeriods.length&gt;0){return overlappingPeriods;}
const culprit=cpuCandidate?'Network':'Main thread';};var netStartTime=0;_findNetworkQuietPeriods=function(networkRecords,traceOfTab,endTime){if(netStartTime==0){netStartTime=traceOfTab-1;}
var traceEndTsInMs=traceOfTab;var timeBoundaries=[];for(var recordKey in networkRecords){var record=networkRecords[recordKey];if(record.end&lt;0){record.end=99;}
timeBoundaries.push({time:record.start,isStart:true});if(record.end&gt;0){timeBoundaries.push({time:record.end,isStart:false});}}
timeBoundaries.sort((a,b)=&gt;a.time-b.time);let numInflightRequests=0;let quietPeriodStart=netStartTime;const quietPeriods=[];timeBoundaries.forEach(boundary=&gt;{if(boundary.isStart){if(numInflightRequests===__ez.nap[4]){quietPeriods.push({start:quietPeriodStart,end:boundary.time,duration:boundary.time-quietPeriodStart});}
numInflightRequests++;}else{numInflightRequests--;if(numInflightRequests===__ez.nap[4]){quietPeriodStart=boundary.time;}}});if(numInflightRequests&lt;=__ez.nap[4]){quietPeriods.push({start:quietPeriodStart,end:endTime,duration:endTime-quietPeriodStart});}
return quietPeriods;};function hashCode(s){let h;for(let i=0;i&lt;s.length;i++)
h=Math.imul(31,h)+s.charCodeAt(i)|0;return h;}
var ezogetrqbykey=function(id){for(var i=0,iLen=__ez.nap[2].length;i&lt;iLen;i++){if(__ez.nap[2][i].id==id)return i;}};var ezorqs=function(e,id){indexKey=window["ezogetrqbykey"](id);if(typeof(indexKey)=="undefined"){__ez.nap[2].push({'start':Date.now(),'end':-1,'id':id});__ez.nap[3]++;setTimeout(function(){window["ezorqe"](e,id)},2000);}};var ezorqe=function(e,id,force){indexKey=window["ezogetrqbykey"](id);if(typeof(indexKey)!="undefined"&amp;&amp;__ez.nap[2][indexKey].end==-1){__ez.nap[2][indexKey].end=Date.now();__ez.nap[3]--;}else if(force==true){__ez.nap[3]--;}};(function(){if(typeof window["__ez"]["ssaf"]!="undefined"&amp;&amp;window["__ez"]["ssaf"].indexOf(19)&gt;-1){var originalSetInterval=window.setInterval;window.setInterval=function(fn,time){var nTime=time;if(nTime&lt;90&amp;&amp;nTime!=56){nTime=90;}
if(arguments.length&lt;3){return originalSetInterval(fn,nTime);}
var args=Array.prototype.slice.call(arguments).slice(2);return originalSetInterval(fn.bind(window,args),nTime)};}}());(function(){if(typeof window["__ez"]["ssaf"]!="undefined"&amp;&amp;window["__ez"]["ssaf"].indexOf(19)&gt;-1){var originalSetTimeout=window.setTimeout;window.setTimeout=function(fn,time){var nTime=time;if(nTime&lt;90){nTime=90;}
if(arguments.length&lt;3){return originalSetTimeout(fn,nTime);}
var oThis=this,aArgs=Array.prototype.slice.call(arguments,2);return originalSetTimeout(fn instanceof Function?function(){fn.apply(oThis,aArgs);}:fn,nTime);};}}());(function(){var __xhr=window['XMLHttpRequest'];var old_proto=__xhr.prototype;var XMLHttpRequest=function(){var xhr=new __xhr;if(typeof(this.open)!="undefined"){xhr.open=this.open;}else{this.open=__xhr.open;}
if(typeof(this.abort)!="undefined"){xhr.abort=this.abort;}else{this.open=__xhr.open;}
if(typeof(this.getAllResponseHeaders)!="undefined"){xhr.getAllResponseHeaders=this.getAllResponseHeaders;}else{this.getAllResponseHeaders=__xhr.getAllResponseHeaders;}
if(typeof(this.getResponseHeader)!="undefined"){xhr.getResponseHeader=this.getResponseHeader;}else{this.getResponseHeader=__xhr.getResponseHeader;}
if(typeof(this.overrideMimeType)!="undefined"){xhr.overrideMimeType=this.overrideMimeType;}else{this.overrideMimeType=__xhr.overrideMimeType;}
if(typeof(this.setRequestHeader)!="undefined"){xhr.setRequestHeader=this.setRequestHeader;}else{this.setRequestHeader=__xhr.setRequestHeader;}
var id=Math.random();xhr.addEventListener('loadstart',function(e){window["ezorqs"](e,id);});xhr.addEventListener('loadend',function(e){window["ezorqe"](e,id);});xhr.addEventListener('error',function(e){window["ezorqe"](e,id);});xhr.addEventListener('abort',function(e){window["ezorqe"](e,id);});return xhr;};XMLHttpRequest.prototype=old_proto;for(var k in __xhr){XMLHttpRequest[k]=__xhr[k];}
window['XMLHttpRequest']=XMLHttpRequest;}());window["ezoFetchConst"]=window.fetch;window.fetch=function(e){var id=Math.random();window["ezorqs"](e,id);return new Promise((resolve,reject)=&gt;{window["ezoFetchConst"].apply(this,arguments).then((response)=&gt;{window["ezorqe"](response,id);resolve(response);}).catch((error)=&gt;{window["ezorqe"](error,id);reject(error);})});};var _fEzDt=function(){return Date.now();};document.addEventListener("DOMContentLoaded",function(){window["ezodomstart"]=Date.now();if('requestIdleCallback'in window){var __lioc="orient";var __idle_start=0;window["ezoIint"]=setInterval(function(){window.requestIdleCallback(function(a){var start=Date.now();var tr=a.timeRemaining();var _ftrf=_fEzDt();if(tr&lt;_ftrf){if(tr&gt;__ez.nap[1]){if(__idle_start==0){__idle_start=start;}}else if(__idle_start!=0){var cpuIdle={'start':__idle_start,'end':(start-(50-tr))};cpuIdle.duration=cpuIdle.end-cpuIdle.start;if(cpuIdle.duration&gt;=55){__ez.nap[5].push(cpuIdle);window["ezocfol"](start);}
__idle_start=0;}}});},56);}else{window.dispatchEvent(new CustomEvent('EzoIvent',{detail:[-1,-1]}));clearInterval(window["ezoIint"]);}});if(typeof window["__ez"]["ssaf"]!="undefined"&amp;&amp;window["__ez"]["ssaf"].indexOf(16)&gt;-1){window['addEventListener']("load",function(){window['__ez__w_load']=true;});window['addEventListener']("DOMContentLoaded",function(){window['__ez__w_dom']=true;});if(typeof window["__ez"]["sshsdef"]!=="undefined"&amp;&amp;window["__ez"]["sshsdef"]===false){(function(){if(Element.prototype.addEventListener){window["__ez__ael"]=window['addEventListener'];window["__ez__ael__proto"]=window["__ez__ael"].prototype;var addEventListener=function(){if(arguments[0].toLowerCase()=="domcontentloaded"){arguments[0]="EzoicDOMContentLoaded";}else if(arguments[0].toLowerCase()=="load"){arguments[0]="Ezoicload";}
window["__ez__ael"].apply(window,arguments);}
window["__ez__ael"].prototype=window["__ez__ael__proto"];window['addEventListener']=addEventListener;document['addEventListener']=addEventListener;}}());}}
window['ezorqs']=ezorqs;window['ezorqe']=ezorqe;window['ezocfol']=ezocfol;window['ezogetrqbykey']=ezogetrqbykey;__ez['nap']=__ez.nap;&lt;/script&gt;
&lt;title&gt;403 Forbidden&lt;/title&gt;

&lt;script data-ezscrex="false" data-cfasync="false" type="text/javascript"&gt;window.google_analytics_uacct = "UA-131129777-14";&lt;/script&gt;
&lt;script data-ezscrex="false" data-cfasync="false" type="text/javascript"&gt;
var _gaq = _gaq || [];
_gaq.push(['e._setAccount', 'UA-131129777-14']);
_gaq.push(['f._setAccount', 'UA-38339005-1']);
_gaq.push(['e._setDomainName', 'restapiexample.com']);
_gaq.push(['f._setDomainName', 'restapiexample.com']);
_gaq.push(['e._setCustomVar',1,'template','pub_site_noads',3]);
_gaq.push(['e._setCustomVar',2,'t','147',3]);
_gaq.push(['e._setCustomVar',3,'rid','0',2]);
_gaq.push(['e._setCustomVar',4,'bra','mod1',3]);
_gaq.push(['e._setAllowAnchor',true]);
_gaq.push(['e._setSiteSpeedSampleRate', 10]);
_gaq.push(['f._setCustomVar',1,'template','pub_site_noads',3]);
_gaq.push(['f._setCustomVar',2,'domain','restapiexample.com',3]);
_gaq.push(['f._setSiteSpeedSampleRate', 20]);
_gaq.push(['e._trackPageview']);
_gaq.push(['f._trackPageview']);


(function() {
 var ga = document.createElement('script'); ga.type = 'text/javascript'; ga.async = true;
 ga.src = ('https:' == document.location.protocol ? 'https://ssl' : 'http://www') + '.google-analytics.com/ga.js';
 var s = document.getElementsByTagName('script')[0]; s.parentNode.insertBefore(ga, s);
})();
&lt;/script&gt;
&lt;script type="text/javascript"&gt;var ezouid = "1";&lt;/script&gt;&lt;base href="http://dummy.restapiexample.com/api/v1/create"&gt;&lt;script type='text/javascript'&gt;
var ezoTemplate = 'pub_site_noads';
if(typeof ezouid == 'undefined')
{
    var ezouid = 'none';
}
var ezoFormfactor = '1';
var ezo_elements_to_check = Array();
&lt;/script&gt;&lt;!-- START EZHEAD --&gt;
&lt;script data-ezscrex="false" type='text/javascript'&gt;
var soc_app_id = '0';
var did = 133674;
var ezdomain = 'restapiexample.com';
var ezoicSearchable = 1;
&lt;/script&gt;
&lt;!--{jquery}--&gt;
&lt;!-- END EZHEAD --&gt;
&lt;script data-ezscrex='false' data-pagespeed-no-defer data-cfasync='false' type='text/javascript' style='display:none'&gt;
__ez.queue.addFile('__ezf_ezosuigeneris', '//g.ezoic.net/ezosuigeneris.js', true, [], true, false, false, false);
var __ez_ezosuigenerisEvt = function() { if(typeof(ezosuigeneris) != 'undefined'){__ez.bit.AddAndFire(_ezaq['page_view_id'], [(new __ezDotData('universal_user_id', ezosuigeneris))]); }};
__ez.queue.addFunc('__ez_ezosuigenerisEvt', '__ez_ezosuigenerisEvt', null, false, ['__ezf_ezosuigeneris','/detroitchicago/minneapolis.js','/detroitchicago/memphis.js'], false, false, false, false);&lt;/script&gt;&lt;script data-ezscrex='false' data-pagespeed-no-defer data-cfasync='false' type='text/javascript' style='display:none'&gt;__ez.queue.addFile('__ezf_ezosuigenerisc', '//g.ezoic.net/ezosuigenerisc.js?nogen=1', true, ["/detroitchicago/boise.js"], true, false, false, false);&lt;/script&gt;
&lt;script data-ezscrex='false' data-pagespeed-no-defer data-cfasync='false'&gt;
function create_ezolpl(pvID, rv) {
    var d = new Date();
    d.setTime(d.getTime() + (365*24*60*60*1000));
    var expires = "expires="+d.toUTCString();
    __ez.ck.setByCat("ezux_lpl_133674=" + new Date().getTime() + "|" + pvID + "|" + rv + "; " + expires, 3);
}
function attach_ezolpl(pvID, rv) {
    if (document.readyState === "complete") {
        create_ezolpl(pvID, rv);
    }
    if(window.attachEvent) {
        window.attachEvent("onload", create_ezolpl, pvID, rv);
    } else {
        if(window.onload) {
            var curronload = window.onload;
            var newonload = function(evt) {
                curronload(evt);
                create_ezolpl(pvID, rv);
            };
            window.onload = newonload;
        } else {
            window.onload = create_ezolpl.bind(null, pvID, rv);
        }
    }
}

__ez.queue.addFunc("attach_ezolpl", "attach_ezolpl", ["f4c64b00-9a9f-4cb8-5f6c-e3f5a5a7a532", "false"], false, ['/detroitchicago/boise.js'], true, false, false, false);
&lt;/script&gt;&lt;/head&gt;&lt;body&gt;
&lt;h1&gt;Forbidden&lt;/h1&gt;
&lt;p&gt;You don't have permission to access this resource.&lt;/p&gt;
&lt;p&gt;Additionally, a 403 Forbidden
error was encountered while trying to use an ErrorDocument to handle the request.&lt;/p&gt;
&lt;script type="text/javascript" style='display:none;'&gt;var __ez_dims = (function() {
		var setCookie = function( name, content, expiry ) {
			return document.cookie = name+'='+content+((expiry)?';expires='+(new Date(Math.floor(new Date().getTime()+expiry*1000)).toUTCString()):'')+';path=/';
		};
		var ffid = 1;
		var oh = window.screen.height;
		var ow = window.screen.width;
		var h = ffid === 1 ? oh : (oh &gt; ow) ? oh : ow;
		var w = ffid === 1 ? ow : (oh &gt; ow) ? ow : oh;
		var uh = window.innerHeight || document.documentElement.clientHeight || document.getElementsByTagName('body')[0].clientHeight;
		var uw = window.innerWidth || document.documentElement.clientWidth || document.getElementsByTagName('body')[0].clientWidth;
		setCookie('ezds', encodeURIComponent('ffid='+ffid+',w='+w+',h='+h), (31536e3*7));
		setCookie('ezohw', encodeURIComponent('w='+uw+',h='+uh), (31536e3*7));
	})();&lt;/script&gt;&lt;script type='text/javascript' style='display:none;' async&gt;
__ez.queue.addFile('edmonton.php', '/detroitchicago/edmonton.webp?a=a&amp;cb=188-5&amp;shcb=33', true, ['/detroitchicago/minneapolis.js'], true, false, false, false);
__ez.queue.addFile('jellyfish.php', '/porpoiseant/jellyfish.webp?a=a&amp;cb=188-5&amp;shcb=33', false, [], true, false, false, false);
&lt;/script&gt;

&lt;script type='text/javascript' data-cfasync='false'&gt;&lt;/script&gt;&lt;/body&gt;&lt;/html&gt;

	at ✽.Then status 200 (karatePOST.feature:23)

And match responseType == 'json' .......................................... skipped
And print 'Response is: ', response ....................................... skipped</failure>
  </testcase>
</testsuite>
